<?xml version="1.0" encoding="UTF-8"?>
<!-- Generated by org.testng.reporters.JUnitXMLReporter -->
<testsuite hostname="Neelima-PC" name="GURU 99" tests="7" failures="6" timestamp="25 Jul 2019 12:27:20 GMT" time="74.211" errors="0">
  <testcase name="loginTest" time="1.646" classname="testCases.TC_LoginTest_001">
    <failure type="java.lang.AssertionError" message="expected [true] but found [false]">
      <![CDATA[java.lang.AssertionError: expected [true] but found [false]
	at testCases.TC_LoginTest_001.loginTest(TC_LoginTest_001.java:41)
... Removed 29 stack frames]]>
    </failure>
  </testcase> <!-- loginTest -->
  <testcase name="loginDDT" time="5.432" classname="testCases.TC_LoginDDT_002">
    <failure type="java.lang.AssertionError" message="expected [true] but found [false]">
      <![CDATA[java.lang.AssertionError: expected [true] but found [false]
	at testCases.TC_LoginDDT_002.loginDDT(TC_LoginDDT_002.java:36)
... Removed 29 stack frames]]>
    </failure>
  </testcase> <!-- loginDDT -->
  <testcase name="loginDDT" time="5.133" classname="testCases.TC_LoginDDT_002">
    <failure type="java.lang.AssertionError" message="expected [true] but found [false]">
      <![CDATA[java.lang.AssertionError: expected [true] but found [false]
	at testCases.TC_LoginDDT_002.loginDDT(TC_LoginDDT_002.java:36)
... Removed 29 stack frames]]>
    </failure>
  </testcase> <!-- loginDDT -->
  <testcase name="loginDDT" time="5.43" classname="testCases.TC_LoginDDT_002">
    <failure type="java.lang.AssertionError" message="expected [true] but found [false]">
      <![CDATA[java.lang.AssertionError: expected [true] but found [false]
	at testCases.TC_LoginDDT_002.loginDDT(TC_LoginDDT_002.java:36)
... Removed 29 stack frames]]>
    </failure>
  </testcase> <!-- loginDDT -->
  <testcase name="loginDDT" time="5.951" classname="testCases.TC_LoginDDT_002">
    <failure type="java.lang.AssertionError" message="expected [true] but found [false]">
      <![CDATA[java.lang.AssertionError: expected [true] but found [false]
	at testCases.TC_LoginDDT_002.loginDDT(TC_LoginDDT_002.java:36)
... Removed 29 stack frames]]>
    </failure>
  </testcase> <!-- loginDDT -->
  <testcase name="loginDDT" time="5.838" classname="testCases.TC_LoginDDT_002">
    <failure type="java.lang.AssertionError" message="expected [true] but found [false]">
      <![CDATA[java.lang.AssertionError: expected [true] but found [false]
	at testCases.TC_LoginDDT_002.loginDDT(TC_LoginDDT_002.java:36)
... Removed 29 stack frames]]>
    </failure>
  </testcase> <!-- loginDDT -->
  <testcase name="addNewCustomer" time="18.859" classname="testCases.TC_AddCustomerTest_003"/>
</testsuite> <!-- GURU 99 -->
