<?xml version="1.0" encoding="UTF-8"?>
<testng-results skipped="0" failed="0" ignored="0" total="2" passed="2">
  <reporter-output>
  </reporter-output>
  <suite name="Selenium Framework" duration-ms="103625" started-at="2019-07-25T17:38:22Z" finished-at="2019-07-25T17:40:06Z">
    <groups>
    </groups>
    <test name="GURU 99" duration-ms="103625" started-at="2019-07-25T17:38:22Z" finished-at="2019-07-25T17:40:06Z">
      <class name="testCases.TC_AddCustomerTest_003">
        <test-method status="PASS" signature="setup(java.lang.String)[pri:0, instance:testCases.TC_AddCustomerTest_003@2812cbfa]" name="setup" is-config="true" duration-ms="15227" started-at="2019-07-25T17:39:11Z" finished-at="2019-07-25T17:39:27Z">
          <params>
            <param index="0">
              <value>
                <![CDATA[chrome]]>
              </value>
            </param>
          </params>
          <reporter-output>
          </reporter-output>
        </test-method> <!-- setup -->
        <test-method status="PASS" signature="addNewCustomer()[pri:0, instance:testCases.TC_AddCustomerTest_003@2812cbfa]" name="addNewCustomer" duration-ms="38837" started-at="2019-07-25T17:39:27Z" finished-at="2019-07-25T17:40:05Z">
          <reporter-output>
          </reporter-output>
        </test-method> <!-- addNewCustomer -->
        <test-method status="PASS" signature="tearDown()[pri:0, instance:testCases.TC_AddCustomerTest_003@2812cbfa]" name="tearDown" is-config="true" duration-ms="674" started-at="2019-07-25T17:40:05Z" finished-at="2019-07-25T17:40:06Z">
          <reporter-output>
          </reporter-output>
        </test-method> <!-- tearDown -->
      </class> <!-- testCases.TC_AddCustomerTest_003 -->
      <class name="testCases.TC_LoginTest_001">
        <test-method status="PASS" signature="setup(java.lang.String)[pri:0, instance:testCases.TC_LoginTest_001@2d6e8792]" name="setup" is-config="true" duration-ms="41759" started-at="2019-07-25T17:38:23Z" finished-at="2019-07-25T17:39:05Z">
          <params>
            <param index="0">
              <value>
                <![CDATA[chrome]]>
              </value>
            </param>
          </params>
          <reporter-output>
          </reporter-output>
        </test-method> <!-- setup -->
        <test-method status="PASS" signature="loginTest()[pri:0, instance:testCases.TC_LoginTest_001@2d6e8792]" name="loginTest" duration-ms="5634" started-at="2019-07-25T17:39:05Z" finished-at="2019-07-25T17:39:11Z">
          <reporter-output>
          </reporter-output>
        </test-method> <!-- loginTest -->
        <test-method status="PASS" signature="tearDown()[pri:0, instance:testCases.TC_LoginTest_001@2d6e8792]" name="tearDown" is-config="true" duration-ms="655" started-at="2019-07-25T17:39:11Z" finished-at="2019-07-25T17:39:11Z">
          <reporter-output>
          </reporter-output>
        </test-method> <!-- tearDown -->
      </class> <!-- testCases.TC_LoginTest_001 -->
    </test> <!-- GURU 99 -->
  </suite> <!-- Selenium Framework -->
</testng-results>
